<?xml version="1.0" encoding="UTF-8"?>
<testng-results ignored="0" total="1" passed="1" failed="0" skipped="0">
  <reporter-output>
  </reporter-output>
  <suite started-at="2022-09-29T12:58:12 IST" name="Default suite" finished-at="2022-09-29T12:58:12 IST" duration-ms="88">
    <groups>
    </groups>
    <test started-at="2022-09-29T12:58:12 IST" name="Default test" finished-at="2022-09-29T12:58:12 IST" duration-ms="88">
      <class name="GithubPackage.ReadParamFromCmdLineTest">
        <test-method signature="parameters()[pri:0, instance:GithubPackage.ReadParamFromCmdLineTest@24fcf36f]" started-at="2022-09-29T12:58:12 IST" name="parameters" finished-at="2022-09-29T12:58:12 IST" duration-ms="22" status="PASS">
          <reporter-output>
          </reporter-output>
        </test-method> <!-- parameters -->
      </class> <!-- GithubPackage.ReadParamFromCmdLineTest -->
    </test> <!-- Default test -->
  </suite> <!-- Default suite -->
</testng-results>
